

================================================================
== Vivado HLS Report for 'backsub_EM_ALGO'
================================================================
* Date:           Sun Nov 19 18:26:42 2017

* Version:        2014.4 (Build 1071461 on Tue Nov 18 16:42:57 PM 2014)
* Project:        Background_Subtraction_with_GMM
* Solution:       solution1
* Product family: zynq
* Target device:  xc7z020clg484-1


================================================================
== Performance Estimates
================================================================
+ Timing (ns): 
    * Summary: 
    +---------+-------+----------+------------+
    |  Clock  | Target| Estimated| Uncertainty|
    +---------+-------+----------+------------+
    |default  |  10.00|      8.46|        1.25|
    +---------+-------+----------+------------+

+ Latency (clock cycles): 
    * Summary: 
    +-----+-----+-----+-----+---------+
    |  Latency  |  Interval | Pipeline|
    | min | max | min | max |   Type  |
    +-----+-----+-----+-----+---------+
    |    ?|    ?|    ?|    ?|   none  |
    +-----+-----+-----+-----+---------+

    + Detail: 
        * Instance: 
        N/A

        * Loop: 
        +-------------+-----+-----+----------+-----------+-----------+------+----------+
        |             |  Latency  | Iteration|  Initiation Interval  | Trip |          |
        |  Loop Name  | min | max |  Latency |  achieved |   target  | Count| Pipelined|
        +-------------+-----+-----+----------+-----------+-----------+------+----------+
        |- memset_M   |    7|    7|         2|          -|          -|     4|    no    |
        |- Loop 2     |   92|   92|        23|          -|          -|     4|    no    |
        |- Loop 3     |   16|   16|         4|          -|          -|     4|    no    |
        |- Loop 4     |    8|   32|   2 ~ 8  |          -|          -|     4|    no    |
        |- Loop 5     |    8|   56|  2 ~ 14  |          -|          -|     4|    no    |
        |- Loop 6     |    8|    8|         2|          -|          -|     4|    no    |
        |- Loop 7     |    8|    8|         2|          -|          -|     4|    no    |
        |- Loop 8     |    ?|    ?|         ?|          -|          -|     3|    no    |
        | + Loop 8.1  |    ?|    ?|         3|          -|          -|     ?|    no    |
        |- Loop 9     |    ?|    ?|         7|          -|          -|     ?|    no    |
        +-------------+-----+-----+----------+-----------+-----------+------+----------+



================================================================
== Utilization Estimates
================================================================
* Summary: 
+-----------------+---------+-------+--------+-------+
|       Name      | BRAM_18K| DSP48E|   FF   |  LUT  |
+-----------------+---------+-------+--------+-------+
|Expression       |        -|      -|       0|   4237|
|FIFO             |        -|      -|       -|      -|
|Instance         |        -|     18|    4251|   7120|
|Memory           |        0|      -|     128|      4|
|Multiplexer      |        -|      -|       -|   1905|
|Register         |        -|      -|    2466|      -|
+-----------------+---------+-------+--------+-------+
|Total            |        0|     18|    6845|  13266|
+-----------------+---------+-------+--------+-------+
|Available        |      280|    220|  106400|  53200|
+-----------------+---------+-------+--------+-------+
|Utilization (%)  |        0|      8|       6|     24|
+-----------------+---------+-------+--------+-------+

+ Detail: 
    * Instance: 
    +---------------------------------------------+------------------------------------------+---------+-------+-----+-----+
    |                   Instance                  |                  Module                  | BRAM_18K| DSP48E|  FF | LUT |
    +---------------------------------------------+------------------------------------------+---------+-------+-----+-----+
    |backsub_dcmp_64ns_64ns_1_1_U13               |backsub_dcmp_64ns_64ns_1_1                |        0|      0|  130|  469|
    |backsub_dmul_64ns_64ns_64_6_max_dsp_U12      |backsub_dmul_64ns_64ns_64_6_max_dsp       |        0|     11|  317|  578|
    |backsub_fadd_32ns_32ns_32_5_full_dsp_U2      |backsub_fadd_32ns_32ns_32_5_full_dsp      |        0|      2|  205|  390|
    |backsub_faddfsub_32ns_32ns_32_5_full_dsp_U1  |backsub_faddfsub_32ns_32ns_32_5_full_dsp  |        0|      2|  205|  390|
    |backsub_fcmp_32ns_32ns_1_1_U9                |backsub_fcmp_32ns_32ns_1_1                |        0|      0|   66|  239|
    |backsub_fcmp_32ns_32ns_1_1_U10               |backsub_fcmp_32ns_32ns_1_1                |        0|      0|   66|  239|
    |backsub_fdiv_32ns_32ns_32_16_U4              |backsub_fdiv_32ns_32ns_32_16              |        0|      0|  761|  994|
    |backsub_fdiv_32ns_32ns_32_16_U5              |backsub_fdiv_32ns_32ns_32_16              |        0|      0|  761|  994|
    |backsub_fmul_32ns_32ns_32_4_max_dsp_U3       |backsub_fmul_32ns_32ns_32_4_max_dsp       |        0|      3|  143|  321|
    |backsub_fpext_32ns_64_1_U8                   |backsub_fpext_32ns_64_1                   |        0|      0|  100|  138|
    |backsub_fsqrt_32ns_32ns_32_12_U11            |backsub_fsqrt_32ns_32ns_32_12             |        0|      0|  405|  615|
    |backsub_sitodp_32ns_64_6_U14                 |backsub_sitodp_32ns_64_6                  |        0|      0|  412|  645|
    |backsub_sitofp_32ns_32_6_U7                  |backsub_sitofp_32ns_32_6                  |        0|      0|  340|  554|
    |backsub_uitofp_8ns_32_6_U6                   |backsub_uitofp_8ns_32_6                   |        0|      0|  340|  554|
    +---------------------------------------------+------------------------------------------+---------+-------+-----+-----+
    |Total                                        |                                          |        0|     18| 4251| 7120|
    +---------------------------------------------+------------------------------------------+---------+-------+-----+-----+

    * Memory: 
    +-------+---------------------+---------+----+----+------+-----+------+-------------+
    | Memory|        Module       | BRAM_18K| FF | LUT| Words| Bits| Banks| W*Bits*Banks|
    +-------+---------------------+---------+----+----+------+-----+------+-------------+
    |akt_U  |backsub_EM_ALGO_akt  |        0|  64|   2|     4|   32|     1|          128|
    |F_U    |backsub_EM_ALGO_akt  |        0|  64|   2|     4|   32|     1|          128|
    +-------+---------------------+---------+----+----+------+-----+------+-------------+
    |Total  |                     |        0| 128|   4|     8|   64|     2|          256|
    +-------+---------------------+---------+----+----+------+-----+------+-------------+

    * FIFO: 
    N/A

    * Expression: 
    +---------------------------------+----------+-------+---+-----+------------+------------+
    |          Variable Name          | Operation| DSP48E| FF| LUT | Bitwidth P0| Bitwidth P1|
    +---------------------------------+----------+-------+---+-----+------------+------------+
    |i_4_fu_2025_p2                   |     +    |      0|  0|    3|           3|           1|
    |i_5_fu_2133_p2                   |     +    |      0|  0|    3|           3|           1|
    |i_6_fu_2869_p2                   |     +    |      0|  0|    3|           3|           1|
    |ind_1_fu_2919_p2                 |     +    |      0|  0|    3|           3|           1|
    |indvarinc_fu_1144_p2             |     +    |      0|  0|    2|           2|           1|
    |j_1_fu_1213_p2                   |     +    |      0|  0|    3|           3|           1|
    |j_2_fu_1600_p2                   |     +    |      0|  0|    3|           3|           1|
    |j_3_fu_1997_p2                   |     +    |      0|  0|    3|           3|           1|
    |j_4_fu_1897_p2                   |     +    |      0|  0|    3|           3|           1|
    |j_5_fu_2376_p2                   |     +    |      0|  0|   32|          32|           2|
    |p_addr10_fu_3001_p2              |     +    |      0|  0|   32|          32|          32|
    |p_addr1_fu_1866_p2               |     +    |      0|  0|   32|          32|          32|
    |p_addr2_fu_2009_p2               |     +    |      0|  0|   20|          20|          20|
    |p_addr4_fu_1678_p2               |     +    |      0|  0|   32|          32|          32|
    |p_addr5_fu_1909_p2               |     +    |      0|  0|   20|          20|          20|
    |p_addr7_fu_1223_p2               |     +    |      0|  0|   20|          20|          20|
    |p_addr8_fu_2143_p2               |     +    |      0|  0|   20|          20|          20|
    |sh_assign_fu_1278_p2             |     +    |      0|  0|    9|           9|           8|
    |tmp_47_fu_1971_p2                |     +    |      0|  0|    8|           8|           1|
    |neg_fu_1375_p2                   |     -    |      0|  0|   32|           1|          32|
    |p_Val2_7_i_i_fu_1364_p2          |     -    |      0|  0|   32|           1|          32|
    |tmp_1_i_i_fu_1292_p2             |     -    |      0|  0|    8|           7|           8|
    |M_load_phi_fu_1649_p3            |  Select  |      0|  0|    1|           1|           1|
    |abs_fu_1387_p3                   |  Select  |      0|  0|   32|           1|          32|
    |index_0_12_fu_2862_p3            |  Select  |      0|  0|   32|           1|          32|
    |index_0_1_fu_2801_p3             |  Select  |      0|  0|   32|           1|          32|
    |index_0_2_fu_2808_p3             |  Select  |      0|  0|   32|           1|          32|
    |index_0_3_fu_2816_p3             |  Select  |      0|  0|   32|           1|          32|
    |index_0_4_fu_2824_p3             |  Select  |      0|  0|   32|           1|          32|
    |index_0_5_fu_2831_p3             |  Select  |      0|  0|   32|           1|          32|
    |index_0_6_fu_2839_p3             |  Select  |      0|  0|   32|           1|          32|
    |index_0_8_fu_2847_p3             |  Select  |      0|  0|   32|           1|          32|
    |index_0_9_fu_2854_p3             |  Select  |      0|  0|   32|           1|          32|
    |index_0_fu_2993_p3               |  Select  |      0|  0|   32|           1|          32|
    |index_1_1_fu_2627_p3             |  Select  |      0|  0|   32|           1|          32|
    |index_1_35_fu_2619_p3            |  Select  |      0|  0|   32|           1|          32|
    |index_1_3_fu_2635_p3             |  Select  |      0|  0|   32|           1|          32|
    |index_3_2_fu_2579_p3             |  Select  |      0|  0|   32|           1|          32|
    |index_3_30_fu_2302_p3            |  Select  |      0|  0|   32|           1|          32|
    |index_3_3_fu_2587_p3             |  Select  |      0|  0|   32|           1|          32|
    |index_3_5_fu_2603_p3             |  Select  |      0|  0|   32|           1|          32|
    |index_3_6_fu_2611_p3             |  Select  |      0|  0|   32|           1|          32|
    |index_3_8_fu_2310_p3             |  Select  |      0|  0|   32|           1|          32|
    |index_3_9_fu_2595_p3             |  Select  |      0|  0|   32|           1|          32|
    |max_F_2_fu_1847_p3               |  Select  |      0|  0|   32|           1|          32|
    |max_F_3_fu_1840_p3               |  Select  |      0|  0|   32|           1|          32|
    |min_F_1_fu_1860_p3               |  Select  |      0|  0|   32|           1|          32|
    |min_val_1_fu_1854_p3             |  Select  |      0|  0|   32|           1|          32|
    |min_val_2_fu_1826_p3             |  Select  |      0|  0|   32|           1|          32|
    |min_val_3_fu_1833_p3             |  Select  |      0|  0|   32|           1|          32|
    |newSel1_fu_2985_p3               |  Select  |      0|  0|   32|           1|          32|
    |newSel_fu_2971_p3                |  Select  |      0|  0|   32|           1|          32|
    |p_Val2_3_fu_1356_p3              |  Select  |      0|  0|   32|           1|          32|
    |p_Val2_5_fu_1369_p3              |  Select  |      0|  0|   32|           1|          32|
    |sel_tmp12_fu_1621_p3             |  Select  |      0|  0|    1|           1|           1|
    |sel_tmp14_fu_1635_p3             |  Select  |      0|  0|    1|           1|           1|
    |sh_assign_1_fu_1302_p3           |  Select  |      0|  0|    9|           1|           9|
    |sorted_F_0_12_fu_2726_p3         |  Select  |      0|  0|   32|           1|          32|
    |sorted_F_0_1_fu_2666_p3          |  Select  |      0|  0|   32|           1|          32|
    |sorted_F_0_2_fu_2680_p3          |  Select  |      0|  0|   32|           1|          32|
    |sorted_F_0_3_fu_2688_p3          |  Select  |      0|  0|   32|           1|          32|
    |sorted_F_0_4_fu_2695_p3          |  Select  |      0|  0|   32|           1|          32|
    |sorted_F_0_5_fu_2703_p3          |  Select  |      0|  0|   32|           1|          32|
    |sorted_F_0_7_fu_2711_p3          |  Select  |      0|  0|   32|           1|          32|
    |sorted_F_0_8_fu_2718_p3          |  Select  |      0|  0|   32|           1|          32|
    |sorted_F_0_fu_2653_p3            |  Select  |      0|  0|   32|           1|          32|
    |sorted_F_3_10_fu_2454_p3         |  Select  |      0|  0|   32|           1|          32|
    |sorted_F_3_11_fu_2468_p3         |  Select  |      0|  0|   32|           1|          32|
    |sorted_F_3_12_fu_2476_p3         |  Select  |      0|  0|   32|           1|          32|
    |sorted_F_3_13_fu_2484_p3         |  Select  |      0|  0|   32|           1|          32|
    |sorted_F_3_16_fu_2119_p3         |  Select  |      0|  0|   32|           1|          32|
    |sorted_F_3_17_fu_2264_p3         |  Select  |      0|  0|   32|           1|          32|
    |sorted_F_3_1_fu_2058_p3          |  Select  |      0|  0|   32|           1|          32|
    |sorted_F_3_21_fu_2492_p3         |  Select  |      0|  0|   32|           1|          32|
    |sorted_F_3_23_fu_2278_p3         |  Select  |      0|  0|   32|           1|          32|
    |sorted_F_3_24_fu_2045_p3         |  Select  |      0|  0|   32|           1|          32|
    |sorted_F_3_2_fu_2071_p3          |  Select  |      0|  0|   32|           1|          32|
    |sorted_F_3_3_fu_2079_p3          |  Select  |      0|  0|   32|           1|          32|
    |sorted_F_3_4_fu_2087_p3          |  Select  |      0|  0|   32|           1|          32|
    |sorted_F_3_5_fu_2095_p3          |  Select  |      0|  0|   32|           1|          32|
    |sorted_F_3_7_fu_2103_p3          |  Select  |      0|  0|   32|           1|          32|
    |sorted_F_3_8_fu_2111_p3          |  Select  |      0|  0|   32|           1|          32|
    |sorted_weight_0_10_fu_2786_p3    |  Select  |      0|  0|   32|           1|          32|
    |sorted_weight_0_15_fu_2794_p3    |  Select  |      0|  0|   32|           1|          32|
    |sorted_weight_0_1_fu_2949_p3     |  Select  |      0|  0|   32|           1|          32|
    |sorted_weight_0_2_fu_2963_p3     |  Select  |      0|  0|   32|           1|          32|
    |sorted_weight_0_3_fu_2733_p3     |  Select  |      0|  0|   32|           1|          32|
    |sorted_weight_0_4_fu_2740_p3     |  Select  |      0|  0|   32|           1|          32|
    |sorted_weight_0_5_fu_2748_p3     |  Select  |      0|  0|   32|           1|          32|
    |sorted_weight_0_6_fu_2756_p3     |  Select  |      0|  0|   32|           1|          32|
    |sorted_weight_0_7_fu_2763_p3     |  Select  |      0|  0|   32|           1|          32|
    |sorted_weight_0_8_fu_2771_p3     |  Select  |      0|  0|   32|           1|          32|
    |sorted_weight_0_9_fu_2779_p3     |  Select  |      0|  0|   32|           1|          32|
    |sorted_weight_0_fu_2935_p3       |  Select  |      0|  0|   32|           1|          32|
    |sorted_weight_1_2_34_fu_2563_p3  |  Select  |      0|  0|   32|           1|          32|
    |sorted_weight_1_4_fu_2571_p3     |  Select  |      0|  0|   32|           1|          32|
    |sorted_weight_1_fu_2555_p3       |  Select  |      0|  0|   32|           1|          32|
    |sorted_weight_3_11_fu_2236_p3    |  Select  |      0|  0|   32|           1|          32|
    |sorted_weight_3_12_fu_2286_p3    |  Select  |      0|  0|   32|           1|          32|
    |sorted_weight_3_14_fu_2505_p3    |  Select  |      0|  0|   32|           1|          32|
    |sorted_weight_3_15_fu_2518_p3    |  Select  |      0|  0|   32|           1|          32|
    |sorted_weight_3_17_fu_2539_p3    |  Select  |      0|  0|   32|           1|          32|
    |sorted_weight_3_18_fu_2547_p3    |  Select  |      0|  0|   32|           1|          32|
    |sorted_weight_3_1_fu_2175_p3     |  Select  |      0|  0|   32|           1|          32|
    |sorted_weight_3_20_fu_2294_p3    |  Select  |      0|  0|   32|           1|          32|
    |sorted_weight_3_21_fu_2531_p3    |  Select  |      0|  0|   32|           1|          32|
    |sorted_weight_3_26_fu_2162_p3    |  Select  |      0|  0|   32|           1|          32|
    |sorted_weight_3_2_fu_2188_p3     |  Select  |      0|  0|   32|           1|          32|
    |sorted_weight_3_3_fu_2196_p3     |  Select  |      0|  0|   32|           1|          32|
    |sorted_weight_3_4_fu_2204_p3     |  Select  |      0|  0|   32|           1|          32|
    |sorted_weight_3_5_fu_2212_p3     |  Select  |      0|  0|   32|           1|          32|
    |sorted_weight_3_7_fu_2220_p3     |  Select  |      0|  0|   32|           1|          32|
    |sorted_weight_3_8_fu_2228_p3     |  Select  |      0|  0|   32|           1|          32|
    |ap_sig_bdd_1018                  |    and   |      0|  0|    1|           1|           1|
    |sel_tmp10_fu_1572_p2             |    and   |      0|  0|    1|           1|           1|
    |sel_tmp16_fu_1822_p2             |    and   |      0|  0|    1|           1|           1|
    |sel_tmp2_fu_1487_p2              |    and   |      0|  0|    1|           1|           1|
    |sel_tmp3_fu_1530_p2              |    and   |      0|  0|    1|           1|           1|
    |sel_tmp6_fu_1548_p2              |    and   |      0|  0|    1|           1|           1|
    |sel_tmp7_fu_1496_p2              |    and   |      0|  0|    1|           1|           1|
    |sel_tmp8_fu_1560_p2              |    and   |      0|  0|    1|           1|           1|
    |sel_tmp_fu_1513_p2               |    and   |      0|  0|    1|           1|           1|
    |tmp_17_fu_1762_p2                |    and   |      0|  0|    1|           1|           1|
    |tmp_19_fu_1768_p2                |    and   |      0|  0|    1|           1|           1|
    |tmp_49_fu_1810_p2                |    and   |      0|  0|    1|           1|           1|
    |tmp_53_fu_1816_p2                |    and   |      0|  0|    1|           1|           1|
    |tmp_69_fu_2439_p2                |    and   |      0|  0|    1|           1|           1|
    |tmp_70_fu_1956_p2                |    and   |      0|  0|    1|           1|           1|
    |tmp_79_fu_3046_p2                |    and   |      0|  0|    1|           1|           1|
    |tmp_7_fu_1475_p2                 |    and   |      0|  0|    1|           1|           1|
    |tmp_86_fu_2422_p2                |    and   |      0|  0|    1|           1|           1|
    |tmp_88_fu_2427_p2                |    and   |      0|  0|    1|           1|           1|
    |tmp_9_fu_1481_p2                 |    and   |      0|  0|    1|           1|           1|
    |tmp_fu_1542_p2                   |    and   |      0|  0|    1|           1|           1|
    |abscond_fu_1381_p2               |   icmp   |      0|  0|   40|          32|           1|
    |exitcond1_fu_2127_p2             |   icmp   |      0|  0|    4|           3|           4|
    |exitcond2_fu_2019_p2             |   icmp   |      0|  0|    4|           3|           4|
    |exitcond3_fu_1891_p2             |   icmp   |      0|  0|    4|           3|           4|
    |exitcond4_fu_1991_p2             |   icmp   |      0|  0|    4|           3|           4|
    |exitcond5_fu_1594_p2             |   icmp   |      0|  0|    4|           3|           4|
    |exitcond6_fu_1207_p2             |   icmp   |      0|  0|    4|           3|           4|
    |exitcond_fu_2248_p2              |   icmp   |      0|  0|    4|           3|           4|
    |icmp_fu_1667_p2                  |   icmp   |      0|  0|   38|          30|           1|
    |notlhs1_fu_1792_p2               |   icmp   |      0|  0|    8|           8|           2|
    |notlhs2_fu_1938_p2               |   icmp   |      0|  0|    8|           8|           2|
    |notlhs3_fu_1457_p2               |   icmp   |      0|  0|   13|          11|           2|
    |notlhs4_fu_3028_p2               |   icmp   |      0|  0|    8|           8|           2|
    |notlhs5_fu_1726_p2               |   icmp   |      0|  0|    8|           8|           2|
    |notlhs6_fu_2336_p2               |   icmp   |      0|  0|    8|           8|           2|
    |notlhs7_fu_1744_p2               |   icmp   |      0|  0|    8|           8|           2|
    |notlhs8_fu_2404_p2               |   icmp   |      0|  0|    8|           8|           2|
    |notlhs_fu_1439_p2                |   icmp   |      0|  0|   13|          11|           2|
    |notrhs2_fu_1798_p2               |   icmp   |      0|  0|   29|          23|           1|
    |notrhs3_fu_1944_p2               |   icmp   |      0|  0|   29|          23|           1|
    |notrhs4_fu_1463_p2               |   icmp   |      0|  0|   66|          52|           1|
    |notrhs5_fu_3034_p2               |   icmp   |      0|  0|   29|          23|           1|
    |notrhs6_fu_1732_p2               |   icmp   |      0|  0|   29|          23|           1|
    |notrhs7_fu_2342_p2               |   icmp   |      0|  0|   29|          23|           1|
    |notrhs8_fu_1750_p2               |   icmp   |      0|  0|   29|          23|           1|
    |notrhs9_fu_2410_p2               |   icmp   |      0|  0|   29|          23|           1|
    |notrhs_fu_1445_p2                |   icmp   |      0|  0|   66|          52|           1|
    |sel_tmp11_fu_1615_p2             |   icmp   |      0|  0|    2|           2|           1|
    |sel_tmp13_fu_1629_p2             |   icmp   |      0|  0|    3|           2|           3|
    |sel_tmp15_fu_1643_p2             |   icmp   |      0|  0|    2|           2|           1|
    |sel_tmp17_fu_2040_p2             |   icmp   |      0|  0|    3|           2|           3|
    |sel_tmp18_fu_2053_p2             |   icmp   |      0|  0|    2|           2|           1|
    |sel_tmp19_fu_2066_p2             |   icmp   |      0|  0|    2|           2|           1|
    |sel_tmp1_fu_1525_p2              |   icmp   |      0|  0|    2|           2|           1|
    |sel_tmp20_fu_2157_p2             |   icmp   |      0|  0|    3|           2|           3|
    |sel_tmp21_fu_2170_p2             |   icmp   |      0|  0|    2|           2|           1|
    |sel_tmp22_fu_2183_p2             |   icmp   |      0|  0|    2|           2|           1|
    |sel_tmp23_fu_2258_p2             |   icmp   |      0|  0|    3|           2|           3|
    |sel_tmp24_fu_2272_p2             |   icmp   |      0|  0|    2|           2|           1|
    |sel_tmp25_fu_2929_p2             |   icmp   |      0|  0|    2|           2|           1|
    |sel_tmp26_fu_2943_p2             |   icmp   |      0|  0|    3|           2|           3|
    |sel_tmp27_fu_2957_p2             |   icmp   |      0|  0|    2|           2|           1|
    |sel_tmp28_fu_2448_p2             |   icmp   |      0|  0|    3|           2|           3|
    |sel_tmp29_fu_2462_p2             |   icmp   |      0|  0|    2|           2|           1|
    |sel_tmp30_fu_2500_p2             |   icmp   |      0|  0|    2|           2|           1|
    |sel_tmp31_fu_2513_p2             |   icmp   |      0|  0|    3|           2|           3|
    |sel_tmp32_fu_2526_p2             |   icmp   |      0|  0|    2|           2|           1|
    |sel_tmp33_fu_2647_p2             |   icmp   |      0|  0|    3|           2|           3|
    |sel_tmp34_fu_2660_p2             |   icmp   |      0|  0|    2|           2|           1|
    |sel_tmp35_fu_2674_p2             |   icmp   |      0|  0|    2|           2|           1|
    |sel_tmp5_fu_1491_p2              |   icmp   |      0|  0|    3|           2|           3|
    |sel_tmp9_fu_1508_p2              |   icmp   |      0|  0|    2|           2|           1|
    |tmp_50_fu_2003_p2                |   icmp   |      0|  0|   40|          32|          32|
    |tmp_52_fu_1903_p2                |   icmp   |      0|  0|   40|          32|          32|
    |tmp_68_fu_2433_p2                |   icmp   |      0|  0|   40|          32|           1|
    |tmp_s_fu_1170_p2                 |   icmp   |      0|  0|    2|           2|           2|
    |tmp_3_i_i_fu_1322_p2             |   lshr   |      0|  0|   63|          24|          24|
    |M_0_4_fu_1584_p2                 |    or    |      0|  0|    1|           1|           1|
    |M_1_4_fu_1578_p2                 |    or    |      0|  0|    1|           1|           1|
    |M_2_4_fu_1566_p2                 |    or    |      0|  0|    1|           1|           1|
    |M_3_4_fu_1554_p2                 |    or    |      0|  0|    1|           1|           1|
    |or_cond_fu_2979_p2               |    or    |      0|  0|    1|           1|           1|
    |tmp_15_fu_1738_p2                |    or    |      0|  0|    1|           1|           1|
    |tmp_16_fu_1756_p2                |    or    |      0|  0|    1|           1|           1|
    |tmp_41_fu_1804_p2                |    or    |      0|  0|    1|           1|           1|
    |tmp_5_fu_1451_p2                 |    or    |      0|  0|    1|           1|           1|
    |tmp_65_fu_1950_p2                |    or    |      0|  0|    1|           1|           1|
    |tmp_6_fu_1469_p2                 |    or    |      0|  0|    1|           1|           1|
    |tmp_77_fu_3040_p2                |    or    |      0|  0|    1|           1|           1|
    |tmp_84_fu_2348_p2                |    or    |      0|  0|    1|           1|           1|
    |tmp_85_fu_2416_p2                |    or    |      0|  0|    1|           1|           1|
    |tmp_90_fu_2358_p2                |    or    |      0|  0|   24|          19|           1|
    |tmp_92_fu_2875_p2                |    or    |      0|  0|   24|          19|           2|
    |tmp_94_fu_2893_p2                |    or    |      0|  0|   24|          19|           2|
    |tmp_5_i_i_fu_1328_p2             |    shl   |      0|  0|  239|          78|          78|
    |not_sel_tmp1_fu_1536_p2          |    xor   |      0|  0|    2|           1|           2|
    |not_sel_tmp_fu_1519_p2           |    xor   |      0|  0|    2|           1|           2|
    |sel_tmp4_fu_1502_p2              |    xor   |      0|  0|    1|           1|           1|
    +---------------------------------+----------+-------+---+-----+------------+------------+
    |Total                            |          |      0|  0| 4237|        1122|        3378|
    +---------------------------------+----------+-------+---+-----+------------+------------+

    * Multiplexer: 
    +------------------------------+-----+-----------+-----+-----------+
    |             Name             | LUT | Input Size| Bits| Total Bits|
    +------------------------------+-----+-----------+-----+-----------+
    |B_reg_965                     |   32|          2|   32|         64|
    |F_address0                    |    2|          4|    2|          8|
    |M_0_2_reg_469                 |    1|          2|    1|          2|
    |M_1_2_reg_459                 |    1|          2|    1|          2|
    |M_2_2_reg_449                 |    1|          2|    1|          2|
    |M_3_2_reg_439                 |    1|          2|    1|          2|
    |akt_address0                  |    2|          3|    2|          6|
    |ap_NS_fsm                     |  344|        134|    1|        134|
    |ap_return                     |    1|          2|    1|          2|
    |back_gauss_address0           |   19|          4|   19|         76|
    |back_gauss_address1           |   19|          4|   19|         76|
    |back_gauss_d1                 |    1|          3|    1|          3|
    |grp_fu_1001_opcode            |    2|          3|    2|          6|
    |grp_fu_1001_p0                |   64|          8|   32|        256|
    |grp_fu_1001_p1                |   64|         10|   32|        320|
    |grp_fu_1010_p0                |   32|          5|   32|        160|
    |grp_fu_1010_p1                |   32|          3|   32|         96|
    |grp_fu_1016_p0                |   32|          3|   32|         96|
    |grp_fu_1016_p1                |   32|          3|   32|         96|
    |grp_fu_1034_p0                |   32|          3|   32|         96|
    |grp_fu_1040_opcode            |    5|          4|    5|         20|
    |grp_fu_1040_p0                |   32|          5|   32|        160|
    |grp_fu_1040_p1                |   32|          5|   32|        160|
    |i4_reg_679                    |    3|          2|    3|          6|
    |i6_reg_826                    |    3|          2|    3|          6|
    |i_reg_620                     |    3|          2|    3|          6|
    |ind_reg_977                   |    3|          2|    3|          6|
    |index_0_11_reg_726            |   32|          2|   32|         64|
    |index_1_6_reg_860             |   32|          2|   32|         64|
    |index_1_reg_714               |   32|          2|   32|         64|
    |index_2_1_reg_849             |   32|          2|   32|         64|
    |index_2_reg_702               |   32|          2|   32|         64|
    |index_3_1_reg_838             |   32|          2|   32|         64|
    |index_3_reg_690               |   32|          2|   32|         64|
    |invdar_reg_428                |    2|          2|    2|          4|
    |j2_reg_561                    |    3|          2|    3|          6|
    |j3_reg_550                    |    3|          2|    3|          6|
    |j5_0_in_reg_937               |   32|          2|   32|         64|
    |j_reg_479                     |    3|          2|    3|          6|
    |matchsum_address0             |   19|          5|   19|         95|
    |matchsum_d0                   |    8|          3|    8|         24|
    |matchsumtot_fu_162            |   32|          2|   32|         64|
    |max_F_reg_538                 |   32|          2|   32|         64|
    |max_val_2_reg_491             |    3|          2|    3|          6|
    |max_val_reg_514               |   32|          2|   32|         64|
    |mean_address0                 |   19|          5|   19|         95|
    |mean_d0                       |   32|          3|   32|         96|
    |min_F_reg_526                 |   32|          2|   32|         64|
    |min_val_reg_502               |   32|          2|   32|         64|
    |p_0_phi_fu_992_p4             |    1|          2|    1|          2|
    |sigma_address0                |   19|          4|   19|         76|
    |sigma_d0                      |   32|          3|   32|         96|
    |sorted_F_0_9_reg_815          |   32|          2|   32|         64|
    |sorted_F_1_2_reg_804          |   32|          2|   32|         64|
    |sorted_F_1_reg_947            |   32|          4|   32|        128|
    |sorted_F_2_2_reg_793          |   32|          2|   32|         64|
    |sorted_F_2_3_reg_915          |   32|          2|   32|         64|
    |sorted_F_3_24_33_reg_926      |   32|          2|   32|         64|
    |sorted_F_3_2_28_reg_782       |   32|          2|   32|         64|
    |sorted_F_3_3_32_reg_904       |   32|          2|   32|         64|
    |sorted_weight_0_14_reg_771    |   32|          2|   32|         64|
    |sorted_weight_1_2_reg_760     |   32|          2|   32|         64|
    |sorted_weight_1_7_reg_893     |   32|          2|   32|         64|
    |sorted_weight_2_2_reg_749     |   32|          2|   32|         64|
    |sorted_weight_2_3_reg_882     |   32|          2|   32|         64|
    |sorted_weight_3_2_27_reg_738  |   32|          2|   32|         64|
    |sorted_weight_3_3_31_reg_871  |   32|          2|   32|         64|
    |weight_address0               |   38|         10|   19|        190|
    |weight_d0                     |   32|          5|   32|        160|
    +------------------------------+-----+-----------+-----+-----------+
    |Total                         | 1905|        332| 1479|       4585|
    +------------------------------+-----+-----------+-----+-----------+

    * Register: 
    +------------------------------+-----+----+-----+-----------+
    |             Name             |  FF | LUT| Bits| Const Bits|
    +------------------------------+-----+----+-----+-----------+
    |B_reg_965                     |   32|   0|   32|          0|
    |M_0_2_reg_469                 |    1|   0|    1|          0|
    |M_1_2_reg_459                 |    1|   0|    1|          0|
    |M_2_2_reg_449                 |    1|   0|    1|          0|
    |M_3_2_reg_439                 |    1|   0|    1|          0|
    |M_load_phi_reg_3261           |    1|   0|    1|          0|
    |abs_reg_3193                  |   32|   0|   32|          0|
    |akt_load_reg_3396             |   32|   0|   32|          0|
    |alpha_w                       |    0|   0|   32|         32|
    |ap_CS_fsm                     |  133|   0|  133|          0|
    |ap_return_preg                |    1|   0|    1|          0|
    |back_gauss_load_reg_3172      |    1|   0|    1|          0|
    |i4_reg_679                    |    3|   0|    3|          0|
    |i6_reg_826                    |    3|   0|    3|          0|
    |i_4_reg_3431                  |    3|   0|    3|          0|
    |i_5_reg_3471                  |    3|   0|    3|          0|
    |i_reg_620                     |    3|   0|    3|          0|
    |icmp_reg_3273                 |    1|   0|    1|          0|
    |ind_1_reg_3680                |    3|   0|    3|          0|
    |ind_reg_977                   |    3|   0|    3|          0|
    |index_0_11_reg_726            |   32|   0|   32|          0|
    |index_1_6_reg_860             |   32|   0|   32|          0|
    |index_1_reg_714               |   32|   0|   32|          0|
    |index_2_1_reg_849             |   32|   0|   32|          0|
    |index_2_reg_702               |   32|   0|   32|          0|
    |index_3_1_reg_838             |   32|   0|   32|          0|
    |index_3_8_reg_3533            |   32|   0|   32|          0|
    |index_3_reg_690               |   32|   0|   32|          0|
    |indvarinc_reg_3087            |    2|   0|    2|          0|
    |invdar_reg_428                |    2|   0|    2|          0|
    |j2_reg_561                    |    3|   0|    3|          0|
    |j3_reg_550                    |    3|   0|    3|          0|
    |j5_0_in_reg_937               |   32|   0|   32|          0|
    |j_1_reg_3147                  |    3|   0|    3|          0|
    |j_2_reg_3256                  |    3|   0|    3|          0|
    |j_3_reg_3414                  |    3|   0|    3|          0|
    |j_4_reg_3358                  |    3|   0|    3|          0|
    |j_5_reg_3546                  |   32|   0|   32|          0|
    |j_reg_479                     |    3|   0|    3|          0|
    |matchsum_addr_reg_3299        |   19|   0|   19|          0|
    |matchsum_load_1_reg_3381      |    8|   0|    8|          0|
    |matchsumtot_fu_162            |   32|   0|   32|          0|
    |max_F_4_reg_3304              |   32|   0|   32|          0|
    |max_F_reg_538                 |   32|   0|   32|          0|
    |max_val_2_reg_491             |    3|   0|    3|          0|
    |max_val_3_cast_reg_3247       |    3|   0|   32|         29|
    |max_val_reg_514               |   32|   0|   32|          0|
    |mean_addr_4_reg_3284          |   19|   0|   19|          0|
    |min_F_reg_526                 |   32|   0|   32|          0|
    |min_val_reg_502               |   32|   0|   32|          0|
    |p_0_reg_988                   |    1|   0|    1|          0|
    |p_Result_s_reg_3177           |    1|   0|    1|          0|
    |p_Val2_3_reg_3182             |   32|   0|   32|          0|
    |p_addr10_reg_3690             |   32|   0|   32|          0|
    |p_addr6_cast_reg_3136         |   17|   0|   20|          3|
    |p_addr6_reg_3129              |   17|   0|   32|         15|
    |reg_1083                      |   32|   0|   32|          0|
    |reg_1089                      |   32|   0|   32|          0|
    |reg_1095                      |   32|   0|   32|          0|
    |reg_1103                      |    0|   0|   32|         32|
    |reg_1111                      |   32|   0|   32|          0|
    |reg_1119                      |   32|   0|   32|          0|
    |reg_1138                      |   32|   0|   32|          0|
    |sigma_addr_4_reg_3289         |   19|   0|   19|          0|
    |sorted_F_0_9_reg_815          |   32|   0|   32|          0|
    |sorted_F_1_2_reg_804          |   32|   0|   32|          0|
    |sorted_F_1_reg_947            |   32|   0|   32|          0|
    |sorted_F_2_2_reg_793          |   32|   0|   32|          0|
    |sorted_F_2_3_reg_915          |   32|   0|   32|          0|
    |sorted_F_2_reg_584            |   32|   0|   32|          0|
    |sorted_F_3_23_reg_3516        |   32|   0|   32|          0|
    |sorted_F_3_24_33_reg_926      |   32|   0|   32|          0|
    |sorted_F_3_2_28_reg_782       |   32|   0|   32|          0|
    |sorted_F_3_3_32_reg_904       |   32|   0|   32|          0|
    |sorted_F_3_6_reg_596          |   32|   0|   32|          0|
    |sorted_F_3_9_reg_608          |   32|   0|   32|          0|
    |sorted_F_3_reg_572            |   32|   0|   32|          0|
    |sorted_weight_0_14_reg_771    |   32|   0|   32|          0|
    |sorted_weight_0_2_reg_3685    |   32|   0|   32|          0|
    |sorted_weight_1_2_reg_760     |   32|   0|   32|          0|
    |sorted_weight_1_7_reg_893     |   32|   0|   32|          0|
    |sorted_weight_2_2_reg_749     |   32|   0|   32|          0|
    |sorted_weight_2_3_reg_882     |   32|   0|   32|          0|
    |sorted_weight_2_reg_643       |   32|   0|   32|          0|
    |sorted_weight_3_20_reg_3525   |   32|   0|   32|          0|
    |sorted_weight_3_2_27_reg_738  |   32|   0|   32|          0|
    |sorted_weight_3_3_31_reg_871  |   32|   0|   32|          0|
    |sorted_weight_3_6_reg_655     |   32|   0|   32|          0|
    |sorted_weight_3_9_reg_667     |   32|   0|   32|          0|
    |sorted_weight_3_reg_631       |   32|   0|   32|          0|
    |tmp_103_reg_3441              |    2|   0|    2|          0|
    |tmp_104_reg_3481              |    2|   0|    2|          0|
    |tmp_107_reg_3676              |    1|   0|    1|          0|
    |tmp_108_reg_3551              |    2|   0|    2|          0|
    |tmp_19_reg_3313               |    1|   0|    1|          0|
    |tmp_23_reg_3210               |   64|   0|   64|          0|
    |tmp_24_reg_3198               |   64|   0|   64|          0|
    |tmp_25_reg_3216               |   64|   0|   64|          0|
    |tmp_27_reg_3121               |   17|   0|   19|          2|
    |tmp_44_reg_3401               |   32|   0|   32|          0|
    |tmp_46_reg_3406               |   32|   0|   32|          0|
    |tmp_48_reg_3344               |   32|   0|   32|          0|
    |tmp_50_reg_3419               |    1|   0|    1|          0|
    |tmp_52_reg_3363               |    1|   0|    1|          0|
    |tmp_53_reg_3318               |    1|   0|    1|          0|
    |tmp_58_reg_3349               |   64|   0|   64|          0|
    |tmp_70_reg_3377               |    1|   0|    1|          0|
    |tmp_71_reg_3203               |    2|   0|    2|          0|
    |tmp_84_reg_3541               |    1|   0|    1|          0|
    |tmp_88_reg_3558               |    1|   0|    1|          0|
    |tmp_9_reg_3222                |    1|   0|    1|          0|
    |tmp_i_reg_3188                |   32|   0|   32|          0|
    |tmp_s_reg_3092                |    1|   0|    1|          0|
    |vinit                         |    0|   0|   32|         32|
    |weight_addr_5_reg_3423        |   19|   0|   19|          0|
    |weight_addr_8_reg_3367        |   19|   0|   19|          0|
    |weight_addr_reg_3294          |   19|   0|   19|          0|
    +------------------------------+-----+----+-----+-----------+
    |Total                         | 2466|   0| 2611|        145|
    +------------------------------+-----+----+-----+-----------+



================================================================
== Interface
================================================================
* Summary: 
+---------------------+-----+-----+------------+-----------------+--------------+
|      RTL Ports      | Dir | Bits|  Protocol  |  Source Object  |    C Type    |
+---------------------+-----+-----+------------+-----------------+--------------+
|ap_clk               |  in |    1| ap_ctrl_hs | backsub_EM_ALGO | return value |
|ap_rst               |  in |    1| ap_ctrl_hs | backsub_EM_ALGO | return value |
|ap_start             |  in |    1| ap_ctrl_hs | backsub_EM_ALGO | return value |
|ap_done              | out |    1| ap_ctrl_hs | backsub_EM_ALGO | return value |
|ap_idle              | out |    1| ap_ctrl_hs | backsub_EM_ALGO | return value |
|ap_ready             | out |    1| ap_ctrl_hs | backsub_EM_ALGO | return value |
|ap_return            | out |    1| ap_ctrl_hs | backsub_EM_ALGO | return value |
|pixel                |  in |    8|   ap_none  |      pixel      |    scalar    |
|pos_r                |  in |   17|   ap_none  |      pos_r      |    scalar    |
|mean_address0        | out |   19|  ap_memory |       mean      |     array    |
|mean_ce0             | out |    1|  ap_memory |       mean      |     array    |
|mean_we0             | out |    1|  ap_memory |       mean      |     array    |
|mean_d0              | out |   32|  ap_memory |       mean      |     array    |
|mean_q0              |  in |   32|  ap_memory |       mean      |     array    |
|sigma_address0       | out |   19|  ap_memory |      sigma      |     array    |
|sigma_ce0            | out |    1|  ap_memory |      sigma      |     array    |
|sigma_we0            | out |    1|  ap_memory |      sigma      |     array    |
|sigma_d0             | out |   32|  ap_memory |      sigma      |     array    |
|sigma_q0             |  in |   32|  ap_memory |      sigma      |     array    |
|weight_address0      | out |   19|  ap_memory |      weight     |     array    |
|weight_ce0           | out |    1|  ap_memory |      weight     |     array    |
|weight_we0           | out |    1|  ap_memory |      weight     |     array    |
|weight_d0            | out |   32|  ap_memory |      weight     |     array    |
|weight_q0            |  in |   32|  ap_memory |      weight     |     array    |
|matchsum_address0    | out |   19|  ap_memory |     matchsum    |     array    |
|matchsum_ce0         | out |    1|  ap_memory |     matchsum    |     array    |
|matchsum_we0         | out |    1|  ap_memory |     matchsum    |     array    |
|matchsum_d0          | out |    8|  ap_memory |     matchsum    |     array    |
|matchsum_q0          |  in |    8|  ap_memory |     matchsum    |     array    |
|back_gauss_address0  | out |   19|  ap_memory |    back_gauss   |     array    |
|back_gauss_ce0       | out |    1|  ap_memory |    back_gauss   |     array    |
|back_gauss_we0       | out |    1|  ap_memory |    back_gauss   |     array    |
|back_gauss_d0        | out |    1|  ap_memory |    back_gauss   |     array    |
|back_gauss_q0        |  in |    1|  ap_memory |    back_gauss   |     array    |
|back_gauss_address1  | out |   19|  ap_memory |    back_gauss   |     array    |
|back_gauss_ce1       | out |    1|  ap_memory |    back_gauss   |     array    |
|back_gauss_we1       | out |    1|  ap_memory |    back_gauss   |     array    |
|back_gauss_d1        | out |    1|  ap_memory |    back_gauss   |     array    |
+---------------------+-----+-----+------------+-----------------+--------------+

